2025-08-12 12:50:37 [[32minfo[39m]: MongoDB connected 
2025-08-12 12:50:37 [[32minfo[39m]: Server listening on port 5000 
2025-08-12 12:53:09 [[32minfo[39m]: MongoDB connected 
2025-08-12 12:53:09 [[32minfo[39m]: Server listening on port 5000 
2025-08-12 12:58:21 [[32minfo[39m]: MongoDB connected 
2025-08-12 12:58:21 [[32minfo[39m]: Server listening on port 5000 
2025-08-12 13:02:25 [[32minfo[39m]: Checking whether email is already in database 
2025-08-12 13:13:59 [[32minfo[39m]: MongoDB connected 
2025-08-12 13:13:59 [[32minfo[39m]: Server listening on port 5000 
2025-08-12 13:14:29 [[32minfo[39m]: MongoDB connected 
2025-08-12 13:14:29 [[32minfo[39m]: Server listening on port 5000 
2025-08-12 13:46:34 [[32minfo[39m]: MongoDB connected 
2025-08-12 13:46:34 [[32minfo[39m]: Server listening on port 5000 
2025-08-12 13:47:12 [[32minfo[39m]: MongoDB connected 
2025-08-12 13:47:12 [[32minfo[39m]: Server listening on port 5000 
2025-08-13 22:44:38 [[32minfo[39m]: MongoDB connected 
2025-08-13 22:44:38 [[32minfo[39m]: Server listening on port 5000 
2025-08-13 22:46:01 [[31merror[39m]: u is not defined 
2025-08-13 22:50:44 [[31merror[39m]: u is not defined 
2025-08-13 22:54:48 [[31merror[39m]: u is not defined 
2025-08-13 22:55:16 [[32minfo[39m]: Shutting down... 
2025-08-13 22:55:22 [[32minfo[39m]: MongoDB connected 
2025-08-13 22:55:22 [[32minfo[39m]: Server listening on port 5000 
2025-08-13 22:59:55 [[32minfo[39m]: Shutting down... 
2025-08-13 23:01:19 [[32minfo[39m]: MongoDB connected 
2025-08-13 23:01:19 [[32minfo[39m]: Server listening on port 5000 
2025-08-13 23:03:17 [[32minfo[39m]: Checking whether email is already in database 
2025-08-13 23:06:09 [[32minfo[39m]: Checking whether email is already in database 
2025-08-13 23:07:12 [[32minfo[39m]: Shutting down... 
2025-08-13 23:07:21 [[32minfo[39m]: MongoDB connected 
2025-08-13 23:07:21 [[32minfo[39m]: Server listening on port 5000 
2025-08-13 23:07:32 [[32minfo[39m]: Checking whether email is already in database 
2025-08-13 23:12:37 [[32minfo[39m]: Checking whether email is already in database 
2025-08-13 23:13:27 [[32minfo[39m]: Shutting down... 
2025-08-13 23:13:53 [[32minfo[39m]: MongoDB connected 
2025-08-13 23:13:53 [[32minfo[39m]: Server listening on port 5000 
2025-08-13 23:14:04 [[32minfo[39m]: Checking whether email is already in database 
2025-08-13 23:16:12 [[32minfo[39m]: Shutting down... 
2025-08-13 23:16:24 [[32minfo[39m]: MongoDB connected 
2025-08-13 23:16:24 [[32minfo[39m]: Server listening on port 5000 
2025-08-13 23:23:38 [[32minfo[39m]: Shutting down... 
2025-08-13 23:23:44 [[32minfo[39m]: MongoDB connected 
2025-08-13 23:23:44 [[32minfo[39m]: Server listening on port 5000 
2025-08-13 23:23:48 [[31merror[39m]: bcrypt is not defined 
2025-08-13 23:24:11 [[32minfo[39m]: Shutting down... 
2025-08-13 23:24:18 [[32minfo[39m]: MongoDB connected 
2025-08-13 23:24:18 [[32minfo[39m]: Server listening on port 5000 
2025-08-13 23:31:59 [[32minfo[39m]: Shutting down... 
2025-08-13 23:32:10 [[32minfo[39m]: MongoDB connected 
2025-08-13 23:32:10 [[32minfo[39m]: Server listening on port 5000 
2025-08-15 12:55:46 [[32minfo[39m]: MongoDB connected 
2025-08-15 12:55:46 [[32minfo[39m]: Server listening on port 5000 
2025-08-15 13:00:01 [[32minfo[39m]: Checking whether email is already in database 
2025-08-15 13:00:01 [[31merror[39m]: hashedPassword is not defined 
2025-08-15 13:01:10 [[32minfo[39m]: Shutting down... 
2025-08-15 13:01:19 [[32minfo[39m]: MongoDB connected 
2025-08-15 13:01:19 [[32minfo[39m]: Server listening on port 5000 
2025-08-15 13:01:35 [[32minfo[39m]: Checking whether email is already in database 
2025-08-15 19:52:29 [[32minfo[39m]: MongoDB connected 
2025-08-15 19:52:29 [[32minfo[39m]: Server listening on port 5000 
2025-08-15 20:24:56 [[31merror[39m]: Expected double-quoted property name in JSON at position 340 {"expose":true,"statusCode":400,"status":400,"body":"{\r\n  \"productName\": \"Peace Lily\",\r\n  \"category\": \"Indoor\",\r\n  \"subCategory\": \"Flowering\",\r\n  \"quantity\": 25,\r\n  \"stock\": true,\r\n  \"subscription\": true,\r\n  \"review\": [],\r\n  \"unit\": \"piece\",\r\n  \"price\": 799,\r\n  \"discount\": 5,\r\n  \"imageUrl\": [\"https://example.com/peace-lily.jpg\"],\r\n  \"video\": [],\r\n  \"description\": \"Low light indoor plant\",\r\n}\r\n","type":"entity.parse.failed"}
2025-08-15 20:28:19 [[32minfo[39m]: Shutting down... 
2025-08-15 20:28:25 [[32minfo[39m]: MongoDB connected 
2025-08-15 20:28:25 [[32minfo[39m]: Server listening on port 5000 
2025-08-15 20:41:11 [[32minfo[39m]: Shutting down... 
2025-08-15 20:41:18 [[32minfo[39m]: MongoDB connected 
2025-08-15 20:41:18 [[32minfo[39m]: Server listening on port 5000 
2025-08-15 23:09:58 [[32minfo[39m]: Shutting down... 
2025-08-15 23:09:58 [[32minfo[39m]: Shutting down... 
2025-08-15 23:10:05 [[32minfo[39m]: MongoDB connected 
2025-08-15 23:10:05 [[32minfo[39m]: Server listening on port 5000 
2025-08-18 10:26:47 [[32minfo[39m]: MongoDB connected 
2025-08-18 10:26:47 [[32minfo[39m]: Server listening on port 5000 
2025-08-19 20:00:43 [[32minfo[39m]: MongoDB connected 
2025-08-19 20:00:43 [[32minfo[39m]: Server listening on port 5000 
2025-08-19 20:40:20 [[32minfo[39m]: Shutting down... 
2025-08-19 20:40:27 [[32minfo[39m]: MongoDB connected 
2025-08-19 20:40:27 [[32minfo[39m]: Server listening on port 5000 
2025-08-19 20:40:34 [[31merror[39m]: secretOrPrivateKey must have a value 
2025-08-19 20:46:43 [[32minfo[39m]: MongoDB connected 
2025-08-19 20:46:43 [[32minfo[39m]: Server listening on port 5000 
2025-08-19 20:46:55 [[31merror[39m]: secretOrPrivateKey must have a value 
2025-08-19 20:48:42 [[32minfo[39m]: Shutting down... 
2025-08-19 20:48:48 [[32minfo[39m]: MongoDB connected 
2025-08-19 20:48:48 [[32minfo[39m]: Server listening on port 5000 
2025-08-20 10:20:39 [[32minfo[39m]: MongoDB connected 
2025-08-20 10:20:39 [[32minfo[39m]: Server listening on port 5000 
2025-08-20 10:50:30 [[32minfo[39m]: Shutting down... 
2025-08-20 10:50:36 [[32minfo[39m]: MongoDB connected 
2025-08-20 10:50:36 [[32minfo[39m]: Server listening on port 5000 
2025-08-20 15:07:13 [[32minfo[39m]: Shutting down... 
2025-08-20 15:23:08 [[32minfo[39m]: MongoDB connected 
2025-08-20 15:23:08 [[32minfo[39m]: Server listening on port 5000 
2025-08-20 15:44:54 [[32minfo[39m]: Shutting down... 
2025-08-20 15:46:34 [[32minfo[39m]: MongoDB connected 
2025-08-20 15:46:34 [[32minfo[39m]: Server listening on port 5000 
2025-08-20 15:47:51 [[32minfo[39m]: Checking whether email is already in database 
2025-08-20 16:05:46 [[32minfo[39m]: Shutting down... 
2025-08-20 16:05:52 [[32minfo[39m]: MongoDB connected 
2025-08-20 16:05:52 [[32minfo[39m]: Server listening on port 5000 
2025-08-20 21:19:33 [[32minfo[39m]: Shutting down... 
2025-08-20 21:19:33 [[32minfo[39m]: Shutting down... 
2025-08-20 21:20:02 [[32minfo[39m]: MongoDB connected 
2025-08-20 21:20:02 [[32minfo[39m]: Server listening on port 5000 
2025-08-20 21:30:20 [[32minfo[39m]: Shutting down... 
2025-08-20 21:30:20 [[32minfo[39m]: Shutting down... 
2025-08-20 21:30:20 [[32minfo[39m]: Shutting down... 
2025-08-20 21:31:06 [[32minfo[39m]: MongoDB connected 
2025-08-20 21:31:06 [[32minfo[39m]: Server listening on port 5000 
2025-08-20 21:38:08 [[32minfo[39m]: Shutting down... 
2025-08-20 21:38:08 [[32minfo[39m]: Shutting down... 
2025-08-20 21:38:08 [[32minfo[39m]: Shutting down... 
2025-08-20 21:38:08 [[32minfo[39m]: Shutting down... 
2025-08-20 21:38:12 [[32minfo[39m]: MongoDB connected 
2025-08-20 21:38:12 [[32minfo[39m]: Server listening on port 5000 
2025-08-20 21:39:13 [[32minfo[39m]: Shutting down... 
2025-08-20 21:39:13 [[32minfo[39m]: Shutting down... 
2025-08-20 21:39:13 [[32minfo[39m]: Shutting down... 
2025-08-20 21:39:13 [[32minfo[39m]: Shutting down... 
2025-08-20 23:30:03 [[32minfo[39m]: MongoDB connected 
2025-08-20 23:30:03 [[32minfo[39m]: Server listening on port 5000 
2025-08-23 15:53:30 [[32minfo[39m]: MongoDB connected 
2025-08-23 15:53:30 [[32minfo[39m]: Server listening on port 5000 
2025-08-23 16:07:45 [[32minfo[39m]: Shutting down... 
2025-08-23 16:07:57 [[32minfo[39m]: MongoDB connected 
2025-08-23 16:07:57 [[32minfo[39m]: Server listening on port 5000 
2025-08-23 16:09:36 [[32minfo[39m]: Shutting down... 
2025-08-23 16:09:44 [[32minfo[39m]: MongoDB connected 
2025-08-23 16:09:44 [[32minfo[39m]: Server listening on port 5000 
2025-08-23 16:12:54 [[32minfo[39m]: Shutting down... 
2025-08-23 16:13:04 [[32minfo[39m]: MongoDB connected 
2025-08-23 16:13:04 [[32minfo[39m]: Server listening on port 5000 
2025-08-23 16:24:14 [[32minfo[39m]: Shutting down... 
2025-08-23 16:24:24 [[32minfo[39m]: MongoDB connected 
2025-08-23 16:24:24 [[32minfo[39m]: Server listening on port 5000 
2025-08-23 16:28:11 [[32minfo[39m]: Shutting down... 
2025-08-23 16:28:20 [[32minfo[39m]: MongoDB connected 
2025-08-23 16:28:20 [[32minfo[39m]: Server listening on port 5000 
2025-08-23 16:28:35 [[32minfo[39m]: Shutting down... 
2025-08-26 10:07:26 [[32minfo[39m]: MongoDB connected 
2025-08-26 10:07:26 [[32minfo[39m]: Server listening on port 5000 
2025-08-26 10:09:33 [[31merror[39m]: Cannot access 'user' before initialization 
2025-08-26 10:12:20 [[32minfo[39m]: Shutting down... 
2025-08-26 10:12:23 [[32minfo[39m]: MongoDB connected 
2025-08-26 10:12:23 [[32minfo[39m]: Server listening on port 5000 
2025-08-26 10:12:44 [[32minfo[39m]: Shutting down... 
2025-08-26 10:12:47 [[32minfo[39m]: MongoDB connected 
2025-08-26 10:12:47 [[32minfo[39m]: Server listening on port 5000 
2025-08-26 10:12:53 [[31merror[39m]: Cannot access 'user' before initialization 
2025-08-26 10:16:30 [[32minfo[39m]: Shutting down... 
2025-08-26 10:16:34 [[32minfo[39m]: MongoDB connected 
2025-08-26 10:16:34 [[32minfo[39m]: Server listening on port 5000 
2025-08-26 10:16:43 [[31merror[39m]: Cannot access 'user' before initialization 
2025-08-26 10:20:29 [[32minfo[39m]: Shutting down... 
2025-08-26 10:20:39 [[32minfo[39m]: MongoDB connected 
2025-08-26 10:20:39 [[32minfo[39m]: Server listening on port 5000 
2025-08-26 10:22:36 [[32minfo[39m]: Checking whether email is already in database 
2025-08-26 10:24:58 [[32minfo[39m]: Shutting down... 
2025-08-31 19:25:21 [[32minfo[39m]: MongoDB connected 
2025-08-31 19:25:21 [[32minfo[39m]: Server listening on port 5000 
2025-09-02 22:33:51 [[32minfo[39m]: MongoDB connected 
2025-09-02 22:33:51 [[32minfo[39m]: Server listening on port 5000 
2025-09-02 22:54:48 [[32minfo[39m]: Shutting down... 
2025-09-02 22:56:01 [[32minfo[39m]: MongoDB connected 
2025-09-02 22:56:01 [[32minfo[39m]: Server listening on port 5000 
2025-09-03 23:33:02 [[32minfo[39m]: MongoDB connected 
2025-09-03 23:33:02 [[32minfo[39m]: Server listening on port 5000 
2025-09-03 23:50:14 [[31merror[39m]: CategoryModel is not defined 
2025-09-03 23:52:33 [[32minfo[39m]: Shutting down... 
2025-09-05 22:35:45 [[32minfo[39m]: MongoDB connected 
2025-09-05 22:35:45 [[32minfo[39m]: Server listening on port 5000 
2025-09-05 22:50:02 [[32minfo[39m]: Shutting down... 
